[debug] [2020-08-26T13:56:20.733Z] ----------------------------------------------------------------------
[debug] [2020-08-26T13:56:20.735Z] Command:       /home/fraserbenjamin/.nvm/versions/node/v14.6.0/bin/node /home/fraserbenjamin/.nvm/versions/node/v14.6.0/bin/firebase deploy
[debug] [2020-08-26T13:56:20.735Z] CLI Version:   8.7.0
[debug] [2020-08-26T13:56:20.735Z] Platform:      linux
[debug] [2020-08-26T13:56:20.735Z] Node Version:  v14.6.0
[debug] [2020-08-26T13:56:20.736Z] Time:          Wed Aug 26 2020 14:56:20 GMT+0100 (British Summer Time)
[debug] [2020-08-26T13:56:20.736Z] ----------------------------------------------------------------------
[debug] [2020-08-26T13:56:20.736Z] 
[debug] [2020-08-26T13:56:20.741Z] > command requires scopes: ["email","openid","https://www.googleapis.com/auth/cloudplatformprojects.readonly","https://www.googleapis.com/auth/firebase","https://www.googleapis.com/auth/cloud-platform"]
[debug] [2020-08-26T13:56:20.742Z] > authorizing via signed-in user
[debug] [2020-08-26T13:56:20.742Z] [iam] checking project pendle for permissions ["datastore.indexes.create","datastore.indexes.delete","datastore.indexes.list","datastore.indexes.update","firebase.projects.get","firebasehosting.sites.update"]
[debug] [2020-08-26T13:56:20.744Z] >>> HTTP REQUEST POST https://cloudresourcemanager.googleapis.com/v1/projects/pendle:testIamPermissions  
 {"permissions":["datastore.indexes.create","datastore.indexes.delete","datastore.indexes.list","datastore.indexes.update","firebase.projects.get","firebasehosting.sites.update"]}
[debug] [2020-08-26T13:56:36.586Z] <<< HTTP RESPONSE 200 {"content-type":"application/json; charset=UTF-8","vary":"X-Origin, Referer, Origin,Accept-Encoding","date":"Wed, 26 Aug 2020 13:56:36 GMT","server":"ESF","cache-control":"private","x-xss-protection":"0","x-frame-options":"SAMEORIGIN","x-content-type-options":"nosniff","server-timing":"gfet4t7; dur=553","alt-svc":"h3-29=\":443\"; ma=2592000,h3-27=\":443\"; ma=2592000,h3-T050=\":443\"; ma=2592000,h3-Q050=\":443\"; ma=2592000,h3-Q046=\":443\"; ma=2592000,h3-Q043=\":443\"; ma=2592000,quic=\":443\"; ma=2592000; v=\"46,43\"","accept-ranges":"none","transfer-encoding":"chunked"}
[debug] [2020-08-26T13:56:36.587Z] >>> HTTP REQUEST GET https://firebase.googleapis.com/v1beta1/projects/pendle  
 
[debug] [2020-08-26T13:56:36.989Z] <<< HTTP RESPONSE 200 {"content-type":"application/json; charset=UTF-8","vary":"X-Origin, Referer, Origin,Accept-Encoding","date":"Wed, 26 Aug 2020 13:56:36 GMT","server":"ESF","cache-control":"private","x-xss-protection":"0","x-frame-options":"SAMEORIGIN","x-content-type-options":"nosniff","alt-svc":"h3-29=\":443\"; ma=2592000,h3-27=\":443\"; ma=2592000,h3-T050=\":443\"; ma=2592000,h3-Q050=\":443\"; ma=2592000,h3-Q046=\":443\"; ma=2592000,h3-Q043=\":443\"; ma=2592000,quic=\":443\"; ma=2592000; v=\"46,43\"","accept-ranges":"none","transfer-encoding":"chunked"}
[info] 
[info] === Deploying to 'pendle'...
[info] 
[info] i  deploying firestore, hosting 
[info] i  firestore: reading indexes from firestore.indexes.json... 
[info] i  cloud.firestore: checking firestore.rules for compilation errors... 
[debug] [2020-08-26T13:56:36.998Z] >>> HTTP REQUEST POST https://firebaserules.googleapis.com/v1/projects/pendle:test  
 {"source":{"files":[{"name":"firestore.rules","content":"rules_version = '2';\nservice cloud.firestore {\n  match /databases/{database}/documents {\n    match /{document=**} {\n      allow read;\n    }\n    match /quiz/{quizData} {\n      allow read;\n      allow write;\n    }\n  }\n}"}]}}
[debug] [2020-08-26T13:56:38.873Z] <<< HTTP RESPONSE 200 {"content-type":"application/json; charset=UTF-8","vary":"X-Origin, Referer, Origin,Accept-Encoding","date":"Wed, 26 Aug 2020 13:56:38 GMT","server":"ESF","cache-control":"private","x-xss-protection":"0","x-frame-options":"SAMEORIGIN","x-content-type-options":"nosniff","alt-svc":"h3-29=\":443\"; ma=2592000,h3-27=\":443\"; ma=2592000,h3-T051=\":443\"; ma=2592000,h3-T050=\":443\"; ma=2592000,h3-Q050=\":443\"; ma=2592000,h3-Q046=\":443\"; ma=2592000,h3-Q043=\":443\"; ma=2592000,quic=\":443\"; ma=2592000; v=\"46,43\"","accept-ranges":"none","transfer-encoding":"chunked"}
[info] ✔  cloud.firestore: rules file firestore.rules compiled successfully 
[debug] [2020-08-26T13:56:38.875Z] >>> HTTP REQUEST POST https://firebasehosting.googleapis.com/v1beta1/sites/pendle/versions  
 {"config":{"rewrites":[{"glob":"**","path":"/index.html"}]},"labels":{"deployment-tool":"cli-firebase"}}
[debug] [2020-08-26T13:56:40.244Z] <<< HTTP RESPONSE 200 {"content-type":"application/json; charset=UTF-8","vary":"X-Origin, Referer, Origin,Accept-Encoding","date":"Wed, 26 Aug 2020 13:56:39 GMT","server":"ESF","cache-control":"private","x-xss-protection":"0","x-frame-options":"SAMEORIGIN","x-content-type-options":"nosniff","alt-svc":"h3-29=\":443\"; ma=2592000,h3-27=\":443\"; ma=2592000,h3-T050=\":443\"; ma=2592000,h3-Q050=\":443\"; ma=2592000,h3-Q046=\":443\"; ma=2592000,h3-Q043=\":443\"; ma=2592000,quic=\":443\"; ma=2592000; v=\"46,43\"","accept-ranges":"none","transfer-encoding":"chunked"}
[debug] [2020-08-26T13:56:40.246Z] >>> HTTP REQUEST GET https://firebaserules.googleapis.com/v1/projects/pendle/releases?pageSize=10&pageToken=  
 
[debug] [2020-08-26T13:56:40.246Z] >>> HTTP REQUEST GET https://firestore.googleapis.com/v1/projects/pendle/databases/(default)/collectionGroups/-/indexes  
 
[debug] [2020-08-26T13:56:40.572Z] <<< HTTP RESPONSE 200 {"content-type":"application/json; charset=UTF-8","vary":"X-Origin, Referer, Origin,Accept-Encoding","date":"Wed, 26 Aug 2020 13:56:40 GMT","server":"ESF","cache-control":"private","x-xss-protection":"0","x-frame-options":"SAMEORIGIN","x-content-type-options":"nosniff","alt-svc":"h3-29=\":443\"; ma=2592000,h3-27=\":443\"; ma=2592000,h3-T050=\":443\"; ma=2592000,h3-Q050=\":443\"; ma=2592000,h3-Q046=\":443\"; ma=2592000,h3-Q043=\":443\"; ma=2592000,quic=\":443\"; ma=2592000; v=\"46,43\"","accept-ranges":"none","transfer-encoding":"chunked"}
[debug] [2020-08-26T13:56:40.573Z] >>> HTTP REQUEST GET https://firestore.googleapis.com/v1/projects/pendle/databases/(default)/collectionGroups/-/fields?filter=indexConfig.usesAncestorConfig=false  
 
[debug] [2020-08-26T13:56:40.895Z] <<< HTTP RESPONSE 200 {"content-type":"application/json; charset=UTF-8","vary":"X-Origin, Referer, Origin,Accept-Encoding","date":"Wed, 26 Aug 2020 13:56:40 GMT","server":"ESF","cache-control":"private","x-xss-protection":"0","x-frame-options":"SAMEORIGIN","x-content-type-options":"nosniff","alt-svc":"h3-29=\":443\"; ma=2592000,h3-27=\":443\"; ma=2592000,h3-T050=\":443\"; ma=2592000,h3-Q050=\":443\"; ma=2592000,h3-Q046=\":443\"; ma=2592000,h3-Q043=\":443\"; ma=2592000,quic=\":443\"; ma=2592000; v=\"46,43\"","accept-ranges":"none","transfer-encoding":"chunked"}
[info] ✔  firestore: deployed indexes in firestore.indexes.json successfully 
[debug] [2020-08-26T13:57:01.585Z] Error: connect ECONNREFUSED 172.217.169.74:443
    at TCPConnectWrap.afterConnect [as oncomplete] (net.js:1144:16)
[error] 
[error] Error: Server Error. connect ECONNREFUSED 172.217.169.74:443
